[info] [2026-04-18T08:13:44.013Z] : 
[info] [2026-04-18T08:13:44.015Z] : Click this URL to login to your Zoho Account
[info] [2026-04-18T08:13:44.016Z] : https://accounts.zoho.com/oauth/v2/auth?client_id=1000.gnjph6g96nf23jd4u14tba2egykhik&scope=ZAPPS.apps.ALL%20AaaServer.profile.READ%20ZMProcessors.connectors.CREATE&response_type=code&access_type=offline&prompt=consent&redirect_uri=http%3A%2F%2Flocalhost%3A9005
[info] [2026-04-18T08:13:44.016Z] : Note: To login to CN DC, update the above URL from accounts.zoho.com to accounts.zoho.com.cn
[info] [2026-04-18T08:13:44.017Z] : 
[debug] [2026-04-18T08:14:10.635Z] : DCType Of the user is us
[debug] [2026-04-18T08:14:10.638Z] : >>>> HTTP REQUEST : POST https://accounts.zoho.com/oauth/v2/token 
<request query omitted>

[debug] [2026-04-18T08:14:11.437Z] : <<<< HTTP RESPONSE : 200
Response Headers{"server":"ZGS","date":"Sat, 18 Apr 2026 08:14:10 GMT","content-type":"application/json;charset=UTF-8","content-length":"337","connection":"keep-alive","set-cookie":["zalb_b266a5bf57=eec3a75d333f4bdde33eea5371b7c1c4; Path=/; Secure; HttpOnly","iamcsr=ce734f6b-9d8b-4c47-99d0-23d149335eaf;path=/;SameSite=Strict;Secure;priority=high"],"cache-control":"no-store","x-content-type-options":"nosniff","pragma":"no-cache","x-frame-options":"SAMEORIGIN","content-language":"en-US","strict-transport-security":"max-age=64072000; includeSubDomains; preload"}

[debug] [2026-04-18T08:14:11.437Z] : TOTAL TIME TAKEN : 799 ms

[debug] [2026-04-18T08:14:11.440Z] : >>>> HTTP REQUEST : GET https://accounts.zoho.com/oauth/user/info 

[debug] [2026-04-18T08:14:11.710Z] : <<<< HTTP RESPONSE : 200
Response Headers{"server":"ZGS","date":"Sat, 18 Apr 2026 08:14:10 GMT","content-type":"application/json;charset=UTF-8","content-length":"107","connection":"keep-alive","set-cookie":["zalb_b266a5bf57=ca9803f56b086bd11d10c7e23195c2c1; Path=/; Secure; HttpOnly","iamcsr=fd26c1e4-d1fe-4ba8-8172-6b64dff73d41;path=/;SameSite=Strict;Secure;priority=high"],"x-content-type-options":"nosniff","cache-control":"private,no-cache,no-store,max-age=0,must-revalidate","pragma":"no-cache","expires":"Thu, 01 Jan 1970 00:00:00 GMT","x-frame-options":"SAMEORIGIN","content-language":"en-US","strict-transport-security":"max-age=64072000; includeSubDomains; preload"}

[error] [2026-05-06T09:00:01.592Z] : × Below file formats are not allowed in Sigma
[info] [2026-05-06T09:00:01.645Z] :  ==> app\er.name
[info] [2026-05-06T09:00:01.647Z] : Note - File formats that can be packed are: txt, md, xml, dre, jpg, jpeg, png, gif, css, js, html, json, mp3, svg, woff, ttf, eot, webm, mp4, and woff2
[error] [2026-05-06T09:00:01.663Z] : × Below file formats are not allowed in Sigma
[info] [2026-05-06T09:00:01.663Z] :  ==> app\er.name
[info] [2026-05-06T09:00:01.665Z] : Note - File formats that can be packed are: txt, md, xml, dre, jpg, jpeg, png, gif, css, js, html, json, mp3, svg, woff, ttf, eot, webm, mp4, and woff2
[error] [2026-05-06T09:56:10.179Z] : × Below file formats are not allowed in Sigma
[info] [2026-05-06T09:56:10.190Z] :  ==> app\er.name
[info] [2026-05-06T09:56:10.192Z] : Note - File formats that can be packed are: txt, md, xml, dre, jpg, jpeg, png, gif, css, js, html, json, mp3, svg, woff, ttf, eot, webm, mp4, and woff2
[error] [2026-05-06T09:56:10.208Z] : × Below file formats are not allowed in Sigma
[info] [2026-05-06T09:56:10.209Z] :  ==> app\er.name
[info] [2026-05-06T09:56:10.211Z] : Note - File formats that can be packed are: txt, md, xml, dre, jpg, jpeg, png, gif, css, js, html, json, mp3, svg, woff, ttf, eot, webm, mp4, and woff2
[error] [2026-05-06T10:00:30.616Z] : × Below file formats are not allowed in Sigma
[info] [2026-05-06T10:00:30.621Z] :  ==> app\er.name
[info] [2026-05-06T10:00:30.623Z] : Note - File formats that can be packed are: txt, md, xml, dre, jpg, jpeg, png, gif, css, js, html, json, mp3, svg, woff, ttf, eot, webm, mp4, and woff2
[error] [2026-05-06T10:00:30.634Z] : × Below file formats are not allowed in Sigma
[info] [2026-05-06T10:00:30.635Z] :  ==> app\er.name
[info] [2026-05-06T10:00:30.636Z] : Note - File formats that can be packed are: txt, md, xml, dre, jpg, jpeg, png, gif, css, js, html, json, mp3, svg, woff, ttf, eot, webm, mp4, and woff2
[error] [2026-05-06T10:07:58.963Z] : × Below file formats are not allowed in Sigma
[info] [2026-05-06T10:07:58.967Z] :  ==> app\er.name
[info] [2026-05-06T10:07:58.968Z] : Note - File formats that can be packed are: txt, md, xml, dre, jpg, jpeg, png, gif, css, js, html, json, mp3, svg, woff, ttf, eot, webm, mp4, and woff2
[error] [2026-05-06T10:07:58.980Z] : × Below file formats are not allowed in Sigma
[info] [2026-05-06T10:07:58.981Z] :  ==> app\er.name
[info] [2026-05-06T10:07:58.982Z] : Note - File formats that can be packed are: txt, md, xml, dre, jpg, jpeg, png, gif, css, js, html, json, mp3, svg, woff, ttf, eot, webm, mp4, and woff2
[error] [2026-05-06T10:43:44.624Z] : × Below file formats are not allowed in Sigma
[info] [2026-05-06T10:43:44.629Z] :  ==> app\er.name
[info] [2026-05-06T10:43:44.630Z] : Note - File formats that can be packed are: txt, md, xml, dre, jpg, jpeg, png, gif, css, js, html, json, mp3, svg, woff, ttf, eot, webm, mp4, and woff2
[error] [2026-05-06T10:43:44.640Z] : × Below file formats are not allowed in Sigma
[info] [2026-05-06T10:43:44.642Z] :  ==> app\er.name
[info] [2026-05-06T10:43:44.643Z] : Note - File formats that can be packed are: txt, md, xml, dre, jpg, jpeg, png, gif, css, js, html, json, mp3, svg, woff, ttf, eot, webm, mp4, and woff2
[error] [2026-05-07T11:31:06.820Z] : × Below file formats are not allowed in Sigma
[info] [2026-05-07T11:31:06.824Z] :  ==> app\er.name
[info] [2026-05-07T11:31:06.826Z] : Note - File formats that can be packed are: txt, md, xml, dre, jpg, jpeg, png, gif, css, js, html, json, mp3, svg, woff, ttf, eot, webm, mp4, and woff2
[error] [2026-05-07T11:31:06.840Z] : × Below file formats are not allowed in Sigma
[info] [2026-05-07T11:31:06.841Z] :  ==> app\er.name
[info] [2026-05-07T11:31:06.842Z] : Note - File formats that can be packed are: txt, md, xml, dre, jpg, jpeg, png, gif, css, js, html, json, mp3, svg, woff, ttf, eot, webm, mp4, and woff2
[error] [2026-05-07T11:32:46.315Z] : × Below file formats are not allowed in Sigma
[info] [2026-05-07T11:32:46.319Z] :  ==> app\er.name
[info] [2026-05-07T11:32:46.321Z] : Note - File formats that can be packed are: txt, md, xml, dre, jpg, jpeg, png, gif, css, js, html, json, mp3, svg, woff, ttf, eot, webm, mp4, and woff2
[error] [2026-05-07T11:32:46.329Z] : × Below file formats are not allowed in Sigma
[info] [2026-05-07T11:32:46.330Z] :  ==> app\er.name
[info] [2026-05-07T11:32:46.331Z] : Note - File formats that can be packed are: txt, md, xml, dre, jpg, jpeg, png, gif, css, js, html, json, mp3, svg, woff, ttf, eot, webm, mp4, and woff2
[error] [2026-05-14T12:04:47.699Z] : × Below file formats are not allowed in Sigma
[info] [2026-05-14T12:04:47.716Z] :  ==> app\er.name
[info] [2026-05-14T12:04:47.717Z] : Note - File formats that can be packed are: txt, md, xml, dre, jpg, jpeg, png, gif, css, js, html, json, mp3, svg, woff, ttf, eot, webm, mp4, and woff2
[error] [2026-05-14T12:04:47.729Z] : × Below file formats are not allowed in Sigma
[info] [2026-05-14T12:04:47.730Z] :  ==> app\er.name
[info] [2026-05-14T12:04:47.730Z] : Note - File formats that can be packed are: txt, md, xml, dre, jpg, jpeg, png, gif, css, js, html, json, mp3, svg, woff, ttf, eot, webm, mp4, and woff2
[error] [2026-05-15T09:02:40.480Z] : × Below file formats are not allowed in Sigma
[info] [2026-05-15T09:02:40.484Z] :  ==> app\er.name
[info] [2026-05-15T09:02:40.486Z] : Note - File formats that can be packed are: txt, md, xml, dre, jpg, jpeg, png, gif, css, js, html, json, mp3, svg, woff, ttf, eot, webm, mp4, and woff2
[error] [2026-05-15T09:02:40.500Z] : × Below file formats are not allowed in Sigma
[info] [2026-05-15T09:02:40.501Z] :  ==> app\er.name
[info] [2026-05-15T09:02:40.502Z] : Note - File formats that can be packed are: txt, md, xml, dre, jpg, jpeg, png, gif, css, js, html, json, mp3, svg, woff, ttf, eot, webm, mp4, and woff2
